<?xml version="1.0" encoding="UTF-8"?>
<!-- Generated by org.testng.reporters.JUnitXMLReporter -->
<testsuite ignored="0" hostname="FISB17NB022" failures="0" tests="4" name="Test" time="0.056" errors="0" timestamp="2020-04-20T23:14:30 MYT">
  <testcase classname="Tuitorial.AppiumTest" name="MobileTest" time="0.006"/>
  <testcase classname="Tuitorial.AppiumTest" name="MobileTestA" time="0.0"/>
  <testcase classname="Tuitorial.RESTAPITest" name="RESTAPITest" time="0.0"/>
  <testcase classname="Tuitorial.RESTAPITest" name="RESTAPITestA" time="0.0"/>
</testsuite> <!-- Test -->
