<?xml version="1.0" encoding="UTF-8"?>
<testng-results ignored="0" total="4" passed="4" failed="0" skipped="0">
  <reporter-output>
  </reporter-output>
  <suite started-at="2020-04-20T23:14:30 MYT" name="Suite" finished-at="2020-04-20T23:14:30 MYT" duration-ms="56">
    <groups>
    </groups>
    <test started-at="2020-04-20T23:14:30 MYT" name="Test" finished-at="2020-04-20T23:14:30 MYT" duration-ms="56">
      <class name="Tuitorial.RESTAPITest">
        <test-method signature="RESTAPITest()[pri:0, instance:Tuitorial.RESTAPITest@1c72da34]" started-at="2020-04-20T23:14:30 MYT" name="RESTAPITest" finished-at="2020-04-20T23:14:30 MYT" duration-ms="0" status="PASS">
          <reporter-output>
          </reporter-output>
        </test-method> <!-- RESTAPITest -->
        <test-method signature="RESTAPITestA()[pri:0, instance:Tuitorial.RESTAPITest@1c72da34]" started-at="2020-04-20T23:14:30 MYT" name="RESTAPITestA" finished-at="2020-04-20T23:14:30 MYT" duration-ms="0" status="PASS">
          <reporter-output>
          </reporter-output>
        </test-method> <!-- RESTAPITestA -->
      </class> <!-- Tuitorial.RESTAPITest -->
      <class name="Tuitorial.AppiumTest">
        <test-method signature="MobileTest()[pri:0, instance:Tuitorial.AppiumTest@49e202ad]" started-at="2020-04-20T23:14:30 MYT" name="MobileTest" finished-at="2020-04-20T23:14:30 MYT" duration-ms="6" status="PASS">
          <reporter-output>
          </reporter-output>
        </test-method> <!-- MobileTest -->
        <test-method signature="MobileTestA()[pri:0, instance:Tuitorial.AppiumTest@49e202ad]" started-at="2020-04-20T23:14:30 MYT" name="MobileTestA" finished-at="2020-04-20T23:14:30 MYT" duration-ms="0" status="PASS">
          <reporter-output>
          </reporter-output>
        </test-method> <!-- MobileTestA -->
      </class> <!-- Tuitorial.AppiumTest -->
    </test> <!-- Test -->
  </suite> <!-- Suite -->
</testng-results>
